<?xml version="1.0" encoding="UTF-8"?>
<!-- Generated by org.testng.reporters.JUnitReportReporter -->
<testsuite hostname="josh-Latitude-3420" failures="0" tests="1" name="com.demoTestcase.csvreader" time="11.680" errors="0" timestamp="2022-05-02T16:26:01 IST" skipped="0">
  <testcase classname="com.demoTestcase.csvreader" name="readCSVSheet" time="11.680"/>
  <system-out/>
</testsuite> <!-- com.demoTestcase.csvreader -->
