<?xml version="1.0" encoding="UTF-8"?>
<!-- Generated by org.testng.reporters.JUnitReportReporter -->
<testsuite hostname="josh-Latitude-3420" failures="0" tests="1" name="com.demoTestcase.OrderSubmissionBP" time="35.247" errors="0" timestamp="2022-04-27T17:43:55 IST" skipped="0">
  <testcase classname="com.demoTestcase.OrderSubmissionBP" name="verifyUserCanSubmitOrderUsingCnF" time="35.247"/>
  <system-out/>
</testsuite> <!-- com.demoTestcase.OrderSubmissionBP -->
