<?xml version="1.0" encoding="UTF-8"?>
<!-- Generated by org.testng.reporters.JUnitReportReporter -->
<testsuite hostname="josh-Latitude-3420" failures="0" tests="1" name="com.demoTestcase.SupplierOrderSubmisionFlow" time="27.457" errors="0" timestamp="2022-05-02T13:43:09 IST" skipped="0">
  <testcase classname="com.demoTestcase.SupplierOrderSubmisionFlow" name="verifyUserLoginAsSupplier" time="27.457"/>
  <system-out/>
</testsuite> <!-- com.demoTestcase.SupplierOrderSubmisionFlow -->
