<?xml version="1.0" encoding="UTF-8"?>
<!-- Generated by org.testng.reporters.JUnitReportReporter -->
<testsuite hostname="josh-Latitude-3420" failures="0" tests="1" name="com.demoTestcase.SignUpPage" time="26.311" errors="0" timestamp="2022-04-25T14:55:45 IST" skipped="0">
  <testcase classname="com.demoTestcase.SignUpPage" name="VerifyIfUserAbleToSignUp" time="26.311"/>
  <system-out/>
</testsuite> <!-- com.demoTestcase.SignUpPage -->
