<?xml version="1.0" encoding="UTF-8"?>
<!-- Generated by org.testng.reporters.JUnitReportReporter -->
<testsuite hostname="josh-Latitude-3420" failures="0" tests="1" name="com.demoTestcase.BrandscopeAdminLogin" time="10.579" errors="0" timestamp="2022-05-02T16:29:17 IST" skipped="0">
  <testcase classname="com.demoTestcase.BrandscopeAdminLogin" name="verifyUserLoginAsBSAdmin" time="10.579"/>
  <system-out/>
</testsuite> <!-- com.demoTestcase.BrandscopeAdminLogin -->
